<?xml version="1.0" encoding="UTF-8" ?>
<testsuite tests="9" failures="0" name="TgraphTest" time="0.086" errors="0" skipped="0">
  <properties>
[...]
</properties>
  <testcase classname="TgraphTest" name="fromEdgeSet" time="0.001"/>
  <testcase classname="TgraphTest" name="getGellyGraph" time="0"/>
  <testcase classname="TgraphTest" name="numberOfEdges" time="0"/>
  <testcase classname="TgraphTest" name="numberOfVertices" time="0"/>
  <testcase classname="TgraphTest" name="from4TupleNoEdgesNoVertexes" time="0"/>
  <testcase classname="TgraphTest" name="getVertices" time="0"/>
  <testcase classname="TgraphTest" name="from5Tuple" time="0.001"/>
  <testcase classname="TgraphTest" name="getEdges" time="0"/>
  <testcase classname="TgraphTest" name="from5TupleNoVertexes" time="0.033"/>
</testsuite>